<?xml version="1.0" encoding="UTF-8"?>
<!-- Generated by org.testng.reporters.JUnitReportReporter -->
<testsuite skipped="0" hostname="SBR-DEVP-35" name="com.MTour.qa.base.TestBase" tests="1" failures="0" timestamp="2020-09-07T17:46:12 IST" time="6.470" errors="0">
  <testcase name="initialization" time="6.470" classname="com.MTour.qa.base.TestBase"/>
  <system-out/>
</testsuite> <!-- com.MTour.qa.base.TestBase -->
