<?xml version="1.0" encoding="UTF-8"?>
<!-- Generated by org.testng.reporters.JUnitReportReporter -->
<testsuite skipped="0" hostname="SBR-DEVP-35" name="com.MTour.qa.testcases.ResevePageTest" tests="4" failures="0" timestamp="2020-09-08T01:41:22 IST" time="38.991" errors="0">
  <testcase name="ResevePageTitleTest" time="8.688" classname="com.MTour.qa.testcases.ResevePageTest"/>
  <system-out/>
  <testcase name="VerifyDepartsColNameText" time="11.506" classname="com.MTour.qa.testcases.ResevePageTest"/>
  <system-out/>
  <testcase name="VerifyArrivesColNameText" time="9.084" classname="com.MTour.qa.testcases.ResevePageTest"/>
  <system-out/>
  <testcase name="ChooseFlightBtnTest" time="9.713" classname="com.MTour.qa.testcases.ResevePageTest"/>
  <system-out/>
</testsuite> <!-- com.MTour.qa.testcases.ResevePageTest -->
