<?xml version="1.0" encoding="UTF-8"?>
<!-- Generated by org.testng.reporters.JUnitReportReporter -->
<testsuite skipped="0" hostname="SBR-DEVP-35" name="com.MTour.qa.testcases.MainPageTest" tests="2" failures="0" timestamp="2020-09-08T01:41:22 IST" time="27.173" errors="0">
  <testcase name="LoginPageTitleTest" time="18.253" classname="com.MTour.qa.testcases.MainPageTest"/>
  <system-out/>
  <testcase name="SubmitTest" time="8.920" classname="com.MTour.qa.testcases.MainPageTest"/>
  <system-out/>
</testsuite> <!-- com.MTour.qa.testcases.MainPageTest -->
