<?xml version="1.0" encoding="UTF-8"?>
<!-- Generated by org.testng.reporters.JUnitReportReporter -->
<testsuite skipped="0" hostname="SBR-DEVP-35" name="com.MTour.qa.testcases.PurchasePageTest" tests="1" failures="0" timestamp="2020-09-08T01:41:22 IST" time="9.874" errors="0">
  <testcase name="PurchasePageTitleTest" time="9.874" classname="com.MTour.qa.testcases.PurchasePageTest"/>
  <system-out/>
</testsuite> <!-- com.MTour.qa.testcases.PurchasePageTest -->
